# JRE version: OpenJDK Runtime Environment (8.0_152-b06) (build 1.8.0_152-release-1136-b06)
# Java VM: OpenJDK 64-Bit Server VM (25.152-b06 mixed mode windows-amd64 compressed oops)
Heap:
 PSYoungGen      total 373248K, used 107202K [0x00000000e0000000, 0x00000000fb980000, 0x0000000100000000)
  eden space 330240K, 32% used [0x00000000e0000000,0x00000000e68b0898,0x00000000f4280000)
  from space 43008K, 0% used [0x00000000f4280000,0x00000000f4280000,0x00000000f6c80000)
  to   space 42496K, 0% used [0x00000000f9000000,0x00000000f9000000,0x00000000fb980000)
 ParOldGen       total 206848K, used 49716K [0x00000000a0000000, 0x00000000aca00000, 0x00000000e0000000)
  object space 206848K, 24% used [0x00000000a0000000,0x00000000a308d200,0x00000000aca00000)
 Metaspace       used 91269K, capacity 95422K, committed 98380K, reserved 1134592K
  class space    used 11390K, capacity 12210K, committed 12928K, reserved 1048576K
GC Heap History (10 events):
Event: 5885.808 GC heap before
{Heap before GC invocations=31 (full 3):
 PSYoungGen      total 293376K, used 260730K [0x00000000e0000000, 0x00000000f7880000, 0x0000000100000000)
  eden space 247808K, 99% used [0x00000000e0000000,0x00000000ef1f84e8,0x00000000ef200000)
  from space 45568K, 28% used [0x00000000ef200000,0x00000000efea6390,0x00000000f1e80000)
  to   space 44544K, 0% used [0x00000000f4d00000,0x00000000f4d00000,0x00000000f7880000)
 ParOldGen       total 147968K, used 59678K [0x00000000a0000000, 0x00000000a9080000, 0x00000000e0000000)
  object space 147968K, 40% used [0x00000000a0000000,0x00000000a3a47a18,0x00000000a9080000)
 Metaspace       used 91247K, capacity 95982K, committed 96128K, reserved 1132544K
  class space    used 11653K, capacity 12626K, committed 12672K, reserved 1048576K
Event: 5885.840 GC heap after
Heap after GC invocations=31 (full 3):
 PSYoungGen      total 329728K, used 11631K [0x00000000e0000000, 0x00000000f7280000, 0x0000000100000000)
  eden space 291328K, 0% used [0x00000000e0000000,0x00000000e0000000,0x00000000f1c80000)
  from space 38400K, 30% used [0x00000000f4d00000,0x00000000f585be10,0x00000000f7280000)
  to   space 44032K, 0% used [0x00000000f1c80000,0x00000000f1c80000,0x00000000f4780000)
 ParOldGen       total 147968K, used 64308K [0x00000000a0000000, 0x00000000a9080000, 0x00000000e0000000)
  object space 147968K, 43% used [0x00000000a0000000,0x00000000a3ecd288,0x00000000a9080000)
 Metaspace       used 91247K, capacity 95982K, committed 96128K, reserved 1132544K
  class space    used 11653K, capacity 12626K, committed 12672K, reserved 1048576K
}
Event: 6157.989 GC heap before
{Heap before GC invocations=32 (full 3):
 PSYoungGen      total 329728K, used 302959K [0x00000000e0000000, 0x00000000f7280000, 0x0000000100000000)
  eden space 291328K, 100% used [0x00000000e0000000,0x00000000f1c80000,0x00000000f1c80000)
  from space 38400K, 30% used [0x00000000f4d00000,0x00000000f585be10,0x00000000f7280000)
  to   space 44032K, 0% used [0x00000000f1c80000,0x00000000f1c80000,0x00000000f4780000)
 ParOldGen       total 147968K, used 64308K [0x00000000a0000000, 0x00000000a9080000, 0x00000000e0000000)
  object space 147968K, 43% used [0x00000000a0000000,0x00000000a3ecd288,0x00000000a9080000)
 Metaspace       used 92260K, capacity 97208K, committed 97536K, reserved 1134592K
  class space    used 11739K, capacity 12725K, committed 12800K, reserved 1048576K
Event: 6158.018 GC heap after
Heap after GC invocations=32 (full 3):
 PSYoungGen      total 335360K, used 10345K [0x00000000e0000000, 0x00000000f9d80000, 0x0000000100000000)
  eden space 291328K, 0% used [0x00000000e0000000,0x00000000e0000000,0x00000000f1c80000)
  from space 44032K, 23% used [0x00000000f1c80000,0x00000000f269a480,0x00000000f4780000)
  to   space 43520K, 0% used [0x00000000f7300000,0x00000000f7300000,0x00000000f9d80000)
 ParOldGen       total 147968K, used 66704K [0x00000000a0000000, 0x00000000a9080000, 0x00000000e0000000)
  object space 147968K, 45% used [0x00000000a0000000,0x00000000a41242c8,0x00000000a9080000)
 Metaspace       used 92260K, capacity 97208K, committed 97536K, reserved 1134592K
  class space    used 11739K, capacity 12725K, committed 12800K, reserved 1048576K
}
Event: 6529.461 GC heap before
{Heap before GC invocations=33 (full 3):
 PSYoungGen      total 335360K, used 301673K [0x00000000e0000000, 0x00000000f9d80000, 0x0000000100000000)
  eden space 291328K, 100% used [0x00000000e0000000,0x00000000f1c80000,0x00000000f1c80000)
  from space 44032K, 23% used [0x00000000f1c80000,0x00000000f269a480,0x00000000f4780000)
  to   space 43520K, 0% used [0x00000000f7300000,0x00000000f7300000,0x00000000f9d80000)
 ParOldGen       total 147968K, used 66704K [0x00000000a0000000, 0x00000000a9080000, 0x00000000e0000000)
  object space 147968K, 45% used [0x00000000a0000000,0x00000000a41242c8,0x00000000a9080000)
 Metaspace       used 92735K, capacity 98000K, committed 98176K, reserved 1134592K
  class space    used 11791K, capacity 12815K, committed 12928K, reserved 1048576K
Event: 6529.485 GC heap after
Heap after GC invocations=33 (full 3):
 PSYoungGen      total 366592K, used 7975K [0x00000000e0000000, 0x00000000f9680000, 0x0000000100000000)
  eden space 330240K, 0% used [0x00000000e0000000,0x00000000e0000000,0x00000000f4280000)
  from space 36352K, 21% used [0x00000000f7300000,0x00000000f7ac9cb0,0x00000000f9680000)
  to   space 43008K, 0% used [0x00000000f4280000,0x00000000f4280000,0x00000000f6c80000)
 ParOldGen       total 147968K, used 68074K [0x00000000a0000000, 0x00000000a9080000, 0x00000000e0000000)
  object space 147968K, 46% used [0x00000000a0000000,0x00000000a427a838,0x00000000a9080000)
 Metaspace       used 92735K, capacity 98000K, committed 98176K, reserved 1134592K
  class space    used 11791K, capacity 12815K, committed 12928K, reserved 1048576K
}
Event: 7065.191 GC heap before
{Heap before GC invocations=34 (full 3):
 PSYoungGen      total 366592K, used 234273K [0x00000000e0000000, 0x00000000f9680000, 0x0000000100000000)
  eden space 330240K, 68% used [0x00000000e0000000,0x00000000edcfea58,0x00000000f4280000)
  from space 36352K, 21% used [0x00000000f7300000,0x00000000f7ac9cb0,0x00000000f9680000)
  to   space 43008K, 0% used [0x00000000f4280000,0x00000000f4280000,0x00000000f6c80000)
 ParOldGen       total 147968K, used 68074K [0x00000000a0000000, 0x00000000a9080000, 0x00000000e0000000)
  object space 147968K, 46% used [0x00000000a0000000,0x00000000a427a838,0x00000000a9080000)
 Metaspace       used 93002K, capacity 98282K, committed 98380K, reserved 1134592K
  class space    used 11799K, capacity 12830K, committed 12928K, reserved 1048576K
Event: 7065.223 GC heap after
Heap after GC invocations=34 (full 3):
 PSYoungGen      total 373248K, used 9014K [0x00000000e0000000, 0x00000000fb980000, 0x0000000100000000)
  eden space 330240K, 0% used [0x00000000e0000000,0x00000000e0000000,0x00000000f4280000)
  from space 43008K, 20% used [0x00000000f4280000,0x00000000f4b4db90,0x00000000f6c80000)
  to   space 42496K, 0% used [0x00000000f9000000,0x00000000f9000000,0x00000000fb980000)
 ParOldGen       total 147968K, used 68082K [0x00000000a0000000, 0x00000000a9080000, 0x00000000e0000000)
  object space 147968K, 46% used [0x00000000a0000000,0x00000000a427c838,0x00000000a9080000)
 Metaspace       used 93002K, capacity 98282K, committed 98380K, reserved 1134592K
  class space    used 11799K, capacity 12830K, committed 12928K, reserved 1048576K
}
Event: 7065.223 GC heap before
{Heap before GC invocations=35 (full 4):
 PSYoungGen      total 373248K, used 9014K [0x00000000e0000000, 0x00000000fb980000, 0x0000000100000000)
  eden space 330240K, 0% used [0x00000000e0000000,0x00000000e0000000,0x00000000f4280000)
  from space 43008K, 20% used [0x00000000f4280000,0x00000000f4b4db90,0x00000000f6c80000)
  to   space 42496K, 0% used [0x00000000f9000000,0x00000000f9000000,0x00000000fb980000)
 ParOldGen       total 147968K, used 68082K [0x00000000a0000000, 0x00000000a9080000, 0x00000000e0000000)
  object space 147968K, 46% used [0x00000000a0000000,0x00000000a427c838,0x00000000a9080000)
 Metaspace       used 93002K, capacity 98282K, committed 98380K, reserved 1134592K
  class space    used 11799K, capacity 12830K, committed 12928K, reserved 1048576K
Event: 7066.393 GC heap after
Heap after GC invocations=35 (full 4):
 PSYoungGen      total 373248K, used 0K [0x00000000e0000000, 0x00000000fb980000, 0x0000000100000000)
  eden space 330240K, 0% used [0x00000000e0000000,0x00000000e0000000,0x00000000f4280000)
  from space 43008K, 0% used [0x00000000f4280000,0x00000000f4280000,0x00000000f6c80000)
  to   space 42496K, 0% used [0x00000000f9000000,0x00000000f9000000,0x00000000fb980000)
 ParOldGen       total 206848K, used 49716K [0x00000000a0000000, 0x00000000aca00000, 0x00000000e0000000)
  object space 206848K, 24% used [0x00000000a0000000,0x00000000a308d200,0x00000000aca00000)
 Metaspace       used 91140K, capacity 95232K, committed 98380K, reserved 1134592K
  class space    used 11379K, capacity 12189K, committed 12928K, reserved 1048576K
}

